<?xml version="1.0" encoding="UTF-8"?>
<!-- Generated by org.testng.reporters.JUnitReportReporter -->
<testsuite hostname="cordova26" failures="0" tests="1" name="commonFunction.CommonFunctions" time="14.562" errors="0" timestamp="2024-04-12T11:36:24 IST" skipped="0">
  <testcase classname="commonFunction.CommonFunctions" name="propertyFiles" time="14.562"/>
  <system-out/>
</testsuite> <!-- commonFunction.CommonFunctions -->
