<?xml version="1.0" encoding="UTF-8"?>
<!-- Generated by org.testng.reporters.JUnitReportReporter -->
<testsuite hostname="cordova26" failures="0" tests="1" name="testCase.SettingsHolidaySettingsTC" time="3.308" errors="0" timestamp="2024-04-12T16:59:28 IST" skipped="0">
  <testcase classname="testCase.SettingsHolidaySettingsTC" name="toggleMenu" time="3.308"/>
  <system-out/>
</testsuite> <!-- testCase.SettingsHolidaySettingsTC -->
